<?xml version="1.0" encoding="UTF-8"?>
<Site BuildName="Linux-g++"
	BuildStamp="20240412-1350-Experimental"
	Name="stylianos"
	Generator="ctest-3.25.1"
	CompilerName="/usr/bin/g++"
	CompilerVersion="12.3.0"
	OSName="Linux"
	Hostname="stylianos"
	OSRelease="6.2.0-39-generic"
	OSVersion="#40-Ubuntu SMP PREEMPT_DYNAMIC Tue Nov 14 14:18:00 UTC 2023"
	OSPlatform="x86_64"
	Is64Bits="1"
	VendorString="AuthenticAMD"
	VendorID="Advanced Micro Devices"
	FamilyID="25"
	ModelID="33"
	ProcessorCacheSize="512"
	NumberOfLogicalCPU="24"
	NumberOfPhysicalCPU="12"
	TotalVirtualMemory="2047"
	TotalPhysicalMemory="31967"
	LogicalProcessorsPerPhysical="2"
	ProcessorClockFrequency="4065.53"
	>
	<Testing>
		<StartDateTime>Apr 12 16:50 EEST</StartDateTime>
		<StartTestTime>1712929814</StartTestTime>
		<TestList/>
		<EndDateTime>Apr 12 16:50 EEST</EndDateTime>
		<EndTestTime>1712929814</EndTestTime>
		<ElapsedMinutes>0</ElapsedMinutes>
	</Testing>
</Site>
